2023-12-19T19:33:35+00:00 CRITICAL Uncaught TypeError: htmlspecialchars(): Argument #1 ($string) must be of type string, array given in /home/emeronus/public_html/wp-content/plugins/unlimited-elements-for-elementor/inc_php/framework/settings_output.class.php:1240
Stack trace:
#0 /home/emeronus/public_html/wp-content/plugins/unlimited-elements-for-elementor/inc_php/framework/settings_output.class.php(1240): htmlspecialchars()
#1 /home/emeronus/public_html/wp-content/plugins/unlimited-elements-for-elementor/inc_php/framework/settings_output.class.php(964): UniteSettingsOutputUCWork->drawTextInput()
#2 /home/emeronus/public_html/wp-content/plugins/unlimited-elements-for-elementor/inc_php/framework/settings_output_wide.class.php(144): UniteSettingsOutputUCWork->drawInputs()
#3 /home/emeronus/public_html/wp-content/plugins/unlimited-elements-for-elementor/inc_php/framework/settings_output.class.php(2049): UniteSettingsOutputWideUC->drawSettingRow()
#4 /home/emeronus/public_html/wp-content/plugins/unlimited-elements-for-elementor/inc_php/framework/settings_output.class.php(2078): UniteSettingsOutputUCWork->drawSettingsRowByType()
#5 /home/emeronus/public_html/wp-content/plugins/unlimited-elements-for-elementor/inc_php/framework/settings_output.class.php(2192): UniteSettingsOutputUCWork->drawSettings_settings()
#6 /home/emeronus/public_html/wp-content/plugins/unlimited-elements-for-elementor/inc_php/framework/settings_output.class.php(1961): UniteSettingsOutputUCWork->drawSettings()
#7 /home/emeronus/public_html/wp-content/plugins/unlimited-elements-for-elementor/inc_php/unitecreator_addon.class.php(1874): UniteSettingsOutputUCWork->draw()
#8 /home/emeronus/public_html/wp-content/plugins/unlimited-elements-for-elementor/inc_php/unitecreator_addon.class.php(1929): UniteCreatorAddonWork->getHtmlConfig()
#9 /home/emeronus/public_html/wp-content/plugins/unlimited-elements-for-elementor/inc_php/unitecreator_addon_config.class.php(90): UniteCreatorAddonWork->putHtmlConfig()
#10 /home/emeronus/public_html/wp-content/plugins/unlimited-elements-for-elementor/inc_php/unitecreator_addon_config.class.php(186): UniteCreatorAddonConfig->getHtmlSettings()
#11 /home/emeronus/public_html/wp-content/plugins/unlimited-elements-for-elementor/inc_php/unitecreator_addon_config.class.php(212): UniteCreatorAddonConfig->getHtmlFrame()
#12 /home/emeronus/public_html/wp-content/plugins/unlimited-elements-for-elementor/views/templates/test_addon.php(77): UniteCreatorAddonConfig->putHtmlFrame()
#13 /home/emeronus/public_html/wp-content/plugins/unlimited-elements-for-elementor/views/testaddon.php(133): require('/home/emeronus/...')
#14 /home/emeronus/public_html/wp-content/plugins/unlimited-elements-for-elementor/views/testaddon.php(27): UniteCreatorTestAddonView->putHtml()
#15 /home/emeronus/public_html/wp-content/plugins/unlimited-elements-for-elementor/views/testaddon.php(148): UniteCreatorTestAddonView->__construct()
#16 /home/emeronus/public_html/wp-content/plugins/unlimited-elements-for-elementor/inc_php/framework/base_admin.class.php(160): require('/home/emeronus/...')
#17 /home/emeronus/public_html/wp-content/plugins/unlimited-elements-for-elementor/views/master_view.php(19): UniteBaseAdminClassUC::requireView()
#18 /home/emeronus/public_html/wp-content/plugins/unlimited-elements-for-elementor/inc_php/framework/base_admin.class.php(138): require('/home/emeronus/...')
#19 /home/emeronus/public_html/wp-content/plugins/unlimited-elements-for-elementor/unitecreator_admin.php(342): UniteBaseAdminClassUC::requireView()
#20 /home/emeronus/public_html/wp-content/plugins/unlimited-elements-for-elementor/provider/provider_admin.class.php(339): UniteCreatorAdmin->adminPages()
#21 /home/emeronus/public_html/wp-includes/class-wp-hook.php(324): UniteProviderAdminUC->adminPages()
#22 /home/emeronus/public_html/wp-includes/class-wp-hook.php(348): WP_Hook->apply_filters()
#23 /home/emeronus/public_html/wp-includes/plugin.php(517): WP_Hook->do_action()
#24 /home/emeronus/public_html/wp-admin/admin.php(259): do_action()
#25 {main}
  thrown in /home/emeronus/public_html/wp-content/plugins/unlimited-elements-for-elementor/inc_php/framework/settings_output.class.php on line 1240

2023-12-19T19:52:08+00:00 CRITICAL Uncaught TypeError: htmlspecialchars(): Argument #1 ($string) must be of type string, array given in /home/emeronus/public_html/wp-content/plugins/unlimited-elements-for-elementor/inc_php/framework/settings_output.class.php:1240
Stack trace:
#0 /home/emeronus/public_html/wp-content/plugins/unlimited-elements-for-elementor/inc_php/framework/settings_output.class.php(1240): htmlspecialchars()
#1 /home/emeronus/public_html/wp-content/plugins/unlimited-elements-for-elementor/inc_php/framework/settings_output.class.php(964): UniteSettingsOutputUCWork->drawTextInput()
#2 /home/emeronus/public_html/wp-content/plugins/unlimited-elements-for-elementor/inc_php/framework/settings_output_wide.class.php(144): UniteSettingsOutputUCWork->drawInputs()
#3 /home/emeronus/public_html/wp-content/plugins/unlimited-elements-for-elementor/inc_php/framework/settings_output.class.php(2049): UniteSettingsOutputWideUC->drawSettingRow()
#4 /home/emeronus/public_html/wp-content/plugins/unlimited-elements-for-elementor/inc_php/framework/settings_output.class.php(2078): UniteSettingsOutputUCWork->drawSettingsRowByType()
#5 /home/emeronus/public_html/wp-content/plugins/unlimited-elements-for-elementor/inc_php/framework/settings_output.class.php(2192): UniteSettingsOutputUCWork->drawSettings_settings()
#6 /home/emeronus/public_html/wp-content/plugins/unlimited-elements-for-elementor/inc_php/framework/settings_output.class.php(1961): UniteSettingsOutputUCWork->drawSettings()
#7 /home/emeronus/public_html/wp-content/plugins/unlimited-elements-for-elementor/inc_php/unitecreator_addon.class.php(1874): UniteSettingsOutputUCWork->draw()
#8 /home/emeronus/public_html/wp-content/plugins/unlimited-elements-for-elementor/inc_php/unitecreator_addon.class.php(1929): UniteCreatorAddonWork->getHtmlConfig()
#9 /home/emeronus/public_html/wp-content/plugins/unlimited-elements-for-elementor/inc_php/unitecreator_addon_config.class.php(90): UniteCreatorAddonWork->putHtmlConfig()
#10 /home/emeronus/public_html/wp-content/plugins/unlimited-elements-for-elementor/inc_php/unitecreator_addon_config.class.php(186): UniteCreatorAddonConfig->getHtmlSettings()
#11 /home/emeronus/public_html/wp-content/plugins/unlimited-elements-for-elementor/inc_php/unitecreator_addon_config.class.php(212): UniteCreatorAddonConfig->getHtmlFrame()
#12 /home/emeronus/public_html/wp-content/plugins/unlimited-elements-for-elementor/views/templates/test_addon.php(77): UniteCreatorAddonConfig->putHtmlFrame()
#13 /home/emeronus/public_html/wp-content/plugins/unlimited-elements-for-elementor/views/testaddon.php(133): require('/home/emeronus/...')
#14 /home/emeronus/public_html/wp-content/plugins/unlimited-elements-for-elementor/views/testaddon.php(27): UniteCreatorTestAddonView->putHtml()
#15 /home/emeronus/public_html/wp-content/plugins/unlimited-elements-for-elementor/views/testaddon.php(148): UniteCreatorTestAddonView->__construct()
#16 /home/emeronus/public_html/wp-content/plugins/unlimited-elements-for-elementor/inc_php/framework/base_admin.class.php(160): require('/home/emeronus/...')
#17 /home/emeronus/public_html/wp-content/plugins/unlimited-elements-for-elementor/views/master_view.php(19): UniteBaseAdminClassUC::requireView()
#18 /home/emeronus/public_html/wp-content/plugins/unlimited-elements-for-elementor/inc_php/framework/base_admin.class.php(138): require('/home/emeronus/...')
#19 /home/emeronus/public_html/wp-content/plugins/unlimited-elements-for-elementor/unitecreator_admin.php(342): UniteBaseAdminClassUC::requireView()
#20 /home/emeronus/public_html/wp-content/plugins/unlimited-elements-for-elementor/provider/provider_admin.class.php(339): UniteCreatorAdmin->adminPages()
#21 /home/emeronus/public_html/wp-includes/class-wp-hook.php(324): UniteProviderAdminUC->adminPages()
#22 /home/emeronus/public_html/wp-includes/class-wp-hook.php(348): WP_Hook->apply_filters()
#23 /home/emeronus/public_html/wp-includes/plugin.php(517): WP_Hook->do_action()
#24 /home/emeronus/public_html/wp-admin/admin.php(259): do_action()
#25 {main}
  thrown in /home/emeronus/public_html/wp-content/plugins/unlimited-elements-for-elementor/inc_php/framework/settings_output.class.php on line 1240

